<?xml version="1.0" encoding="UTF-8"?>
<testng-results skipped="0" failed="1" ignored="0" total="21" passed="20">
  <reporter-output>
  </reporter-output>
  <suite name="restassuredtestsuite" duration-ms="19076" started-at="2020-03-30T18:52:56 IST" finished-at="2020-03-30T18:53:15 IST">
    <groups>
    </groups>
    <test name="restassuredtests" duration-ms="19076" started-at="2020-03-30T18:52:56 IST" finished-at="2020-03-30T18:53:15 IST">
      <class name="com.employeeapi.testCases.TC003_Post_Employee_Record">
        <test-method status="PASS" signature="setUp()[pri:0, instance:com.employeeapi.testCases.TC003_Post_Employee_Record@53f65459]" name="setUp" is-config="true" duration-ms="4" started-at="2020-03-30T18:53:01 IST" finished-at="2020-03-30T18:53:01 IST">
          <reporter-output>
          </reporter-output>
        </test-method> <!-- setUp -->
        <test-method status="PASS" signature="createEmplyee()[pri:0, instance:com.employeeapi.testCases.TC003_Post_Employee_Record@53f65459]" name="createEmplyee" is-config="true" duration-ms="4817" started-at="2020-03-30T18:53:01 IST" finished-at="2020-03-30T18:53:06 IST">
          <reporter-output>
          </reporter-output>
        </test-method> <!-- createEmplyee -->
        <test-method status="PASS" signature="checkResponeBody()[pri:0, instance:com.employeeapi.testCases.TC003_Post_Employee_Record@53f65459]" name="checkResponeBody" duration-ms="2" started-at="2020-03-30T18:53:06 IST" finished-at="2020-03-30T18:53:06 IST">
          <reporter-output>
          </reporter-output>
        </test-method> <!-- checkResponeBody -->
        <test-method status="PASS" signature="checkStatusCode()[pri:0, instance:com.employeeapi.testCases.TC003_Post_Employee_Record@53f65459]" name="checkStatusCode" duration-ms="1" started-at="2020-03-30T18:53:06 IST" finished-at="2020-03-30T18:53:06 IST">
          <reporter-output>
          </reporter-output>
        </test-method> <!-- checkStatusCode -->
        <test-method status="PASS" signature="checkStatusLine()[pri:0, instance:com.employeeapi.testCases.TC003_Post_Employee_Record@53f65459]" name="checkStatusLine" duration-ms="1" started-at="2020-03-30T18:53:06 IST" finished-at="2020-03-30T18:53:06 IST">
          <reporter-output>
          </reporter-output>
        </test-method> <!-- checkStatusLine -->
        <test-method status="PASS" signature="tearDown()[pri:0, instance:com.employeeapi.testCases.TC003_Post_Employee_Record@53f65459]" name="tearDown" is-config="true" duration-ms="0" started-at="2020-03-30T18:53:06 IST" finished-at="2020-03-30T18:53:06 IST">
          <reporter-output>
          </reporter-output>
        </test-method> <!-- tearDown -->
      </class> <!-- com.employeeapi.testCases.TC003_Post_Employee_Record -->
      <class name="com.employeeapi.testCases.TC005_Delete_Employee_Record">
        <test-method status="PASS" signature="setUp()[pri:0, instance:com.employeeapi.testCases.TC005_Delete_Employee_Record@1786dec2]" name="setUp" is-config="true" duration-ms="5" started-at="2020-03-30T18:53:11 IST" finished-at="2020-03-30T18:53:11 IST">
          <reporter-output>
          </reporter-output>
        </test-method> <!-- setUp -->
        <test-method status="PASS" signature="updateEmployee()[pri:0, instance:com.employeeapi.testCases.TC005_Delete_Employee_Record@1786dec2]" name="updateEmployee" is-config="true" duration-ms="4349" started-at="2020-03-30T18:53:11 IST" finished-at="2020-03-30T18:53:15 IST">
          <reporter-output>
          </reporter-output>
        </test-method> <!-- updateEmployee -->
        <test-method status="FAIL" signature="checkResponeBody()[pri:0, instance:com.employeeapi.testCases.TC005_Delete_Employee_Record@1786dec2]" name="checkResponeBody" duration-ms="3" started-at="2020-03-30T18:53:15 IST" finished-at="2020-03-30T18:53:15 IST">
          <exception class="java.lang.AssertionError">
            <message>
              <![CDATA[expected [true] but found [false]]]>
            </message>
            <full-stacktrace>
              <![CDATA[java.lang.AssertionError: expected [true] but found [false]
at org.testng.Assert.fail(Assert.java:97)
at org.testng.Assert.assertEqualsImpl(Assert.java:136)
at org.testng.Assert.assertEquals(Assert.java:118)
at org.testng.Assert.assertEquals(Assert.java:751)
at org.testng.Assert.assertEquals(Assert.java:761)
at com.employeeapi.testCases.TC005_Delete_Employee_Record.checkResponeBody(TC005_Delete_Employee_Record.java:51)
at sun.reflect.NativeMethodAccessorImpl.invoke0(Native Method)
at sun.reflect.NativeMethodAccessorImpl.invoke(NativeMethodAccessorImpl.java:62)
at sun.reflect.DelegatingMethodAccessorImpl.invoke(DelegatingMethodAccessorImpl.java:43)
at java.lang.reflect.Method.invoke(Method.java:498)
at org.testng.internal.MethodInvocationHelper.invokeMethod(MethodInvocationHelper.java:134)
at org.testng.internal.TestInvoker.invokeMethod(TestInvoker.java:597)
at org.testng.internal.TestInvoker.invokeTestMethod(TestInvoker.java:173)
at org.testng.internal.MethodRunner.runInSequence(MethodRunner.java:46)
at org.testng.internal.TestInvoker$MethodInvocationAgent.invoke(TestInvoker.java:816)
at org.testng.internal.TestInvoker.invokeTestMethods(TestInvoker.java:146)
at org.testng.internal.TestMethodWorker.invokeTestMethods(TestMethodWorker.java:146)
at org.testng.internal.TestMethodWorker.run(TestMethodWorker.java:128)
at java.util.ArrayList.forEach(ArrayList.java:1257)
at org.testng.TestRunner.privateRun(TestRunner.java:766)
at org.testng.TestRunner.run(TestRunner.java:587)
at org.testng.SuiteRunner.runTest(SuiteRunner.java:384)
at org.testng.SuiteRunner.runSequentially(SuiteRunner.java:378)
at org.testng.SuiteRunner.privateRun(SuiteRunner.java:337)
at org.testng.SuiteRunner.run(SuiteRunner.java:286)
at org.testng.SuiteRunnerWorker.runSuite(SuiteRunnerWorker.java:53)
at org.testng.SuiteRunnerWorker.run(SuiteRunnerWorker.java:96)
at org.testng.TestNG.runSuitesSequentially(TestNG.java:1187)
at org.testng.TestNG.runSuitesLocally(TestNG.java:1109)
at org.testng.TestNG.runSuites(TestNG.java:1039)
at org.testng.TestNG.run(TestNG.java:1007)
at org.testng.remote.AbstractRemoteTestNG.run(AbstractRemoteTestNG.java:115)
at org.testng.remote.RemoteTestNG.initAndRun(RemoteTestNG.java:251)
at org.testng.remote.RemoteTestNG.main(RemoteTestNG.java:77)
]]>
            </full-stacktrace>
          </exception> <!-- java.lang.AssertionError -->
          <reporter-output>
          </reporter-output>
        </test-method> <!-- checkResponeBody -->
        <test-method status="PASS" signature="checkStatusCode()[pri:0, instance:com.employeeapi.testCases.TC005_Delete_Employee_Record@1786dec2]" name="checkStatusCode" duration-ms="1" started-at="2020-03-30T18:53:15 IST" finished-at="2020-03-30T18:53:15 IST">
          <reporter-output>
          </reporter-output>
        </test-method> <!-- checkStatusCode -->
        <test-method status="PASS" signature="checkStatusLine()[pri:0, instance:com.employeeapi.testCases.TC005_Delete_Employee_Record@1786dec2]" name="checkStatusLine" duration-ms="1" started-at="2020-03-30T18:53:15 IST" finished-at="2020-03-30T18:53:15 IST">
          <reporter-output>
          </reporter-output>
        </test-method> <!-- checkStatusLine -->
        <test-method status="PASS" signature="tearDown()[pri:0, instance:com.employeeapi.testCases.TC005_Delete_Employee_Record@1786dec2]" name="tearDown" is-config="true" duration-ms="0" started-at="2020-03-30T18:53:15 IST" finished-at="2020-03-30T18:53:15 IST">
          <reporter-output>
          </reporter-output>
        </test-method> <!-- tearDown -->
      </class> <!-- com.employeeapi.testCases.TC005_Delete_Employee_Record -->
      <class name="com.employeeapi.testCases.TC001_Get_All_Employees">
        <test-method status="PASS" signature="setUp()[pri:0, instance:com.employeeapi.testCases.TC001_Get_All_Employees@1e965684]" name="setUp" is-config="true" duration-ms="81" started-at="2020-03-30T18:52:56 IST" finished-at="2020-03-30T18:52:56 IST">
          <reporter-output>
          </reporter-output>
        </test-method> <!-- setUp -->
        <test-method status="PASS" signature="getAllEmployees()[pri:0, instance:com.employeeapi.testCases.TC001_Get_All_Employees@1e965684]" name="getAllEmployees" is-config="true" duration-ms="3547" started-at="2020-03-30T18:52:56 IST" finished-at="2020-03-30T18:53:00 IST">
          <reporter-output>
          </reporter-output>
        </test-method> <!-- getAllEmployees -->
        <test-method status="PASS" signature="checkContentEncoding()[pri:0, instance:com.employeeapi.testCases.TC001_Get_All_Employees@1e965684]" name="checkContentEncoding" duration-ms="9" started-at="2020-03-30T18:53:00 IST" finished-at="2020-03-30T18:53:00 IST">
          <reporter-output>
          </reporter-output>
        </test-method> <!-- checkContentEncoding -->
        <test-method status="PASS" signature="checkContentLength()[pri:0, instance:com.employeeapi.testCases.TC001_Get_All_Employees@1e965684]" name="checkContentLength" duration-ms="1" started-at="2020-03-30T18:53:00 IST" finished-at="2020-03-30T18:53:00 IST">
          <reporter-output>
          </reporter-output>
        </test-method> <!-- checkContentLength -->
        <test-method status="PASS" signature="checkContentType()[pri:0, instance:com.employeeapi.testCases.TC001_Get_All_Employees@1e965684]" name="checkContentType" duration-ms="1" started-at="2020-03-30T18:53:00 IST" finished-at="2020-03-30T18:53:00 IST">
          <reporter-output>
          </reporter-output>
        </test-method> <!-- checkContentType -->
        <test-method status="PASS" signature="checkCookies()[pri:0, instance:com.employeeapi.testCases.TC001_Get_All_Employees@1e965684]" name="checkCookies" duration-ms="1" started-at="2020-03-30T18:53:00 IST" finished-at="2020-03-30T18:53:00 IST">
          <reporter-output>
          </reporter-output>
        </test-method> <!-- checkCookies -->
        <test-method status="PASS" signature="checkResponseBody()[pri:0, instance:com.employeeapi.testCases.TC001_Get_All_Employees@1e965684]" name="checkResponseBody" duration-ms="40" started-at="2020-03-30T18:53:00 IST" finished-at="2020-03-30T18:53:00 IST">
          <reporter-output>
          </reporter-output>
        </test-method> <!-- checkResponseBody -->
        <test-method status="PASS" signature="checkResponseTime()[pri:0, instance:com.employeeapi.testCases.TC001_Get_All_Employees@1e965684]" name="checkResponseTime" duration-ms="1" started-at="2020-03-30T18:53:00 IST" finished-at="2020-03-30T18:53:00 IST">
          <reporter-output>
          </reporter-output>
        </test-method> <!-- checkResponseTime -->
        <test-method status="PASS" signature="checkStatusCode()[pri:0, instance:com.employeeapi.testCases.TC001_Get_All_Employees@1e965684]" name="checkStatusCode" duration-ms="1" started-at="2020-03-30T18:53:00 IST" finished-at="2020-03-30T18:53:00 IST">
          <reporter-output>
          </reporter-output>
        </test-method> <!-- checkStatusCode -->
        <test-method status="PASS" signature="checkStatusLine()[pri:0, instance:com.employeeapi.testCases.TC001_Get_All_Employees@1e965684]" name="checkStatusLine" duration-ms="3" started-at="2020-03-30T18:53:00 IST" finished-at="2020-03-30T18:53:00 IST">
          <reporter-output>
          </reporter-output>
        </test-method> <!-- checkStatusLine -->
        <test-method status="PASS" signature="checkserverType()[pri:0, instance:com.employeeapi.testCases.TC001_Get_All_Employees@1e965684]" name="checkserverType" duration-ms="1" started-at="2020-03-30T18:53:00 IST" finished-at="2020-03-30T18:53:00 IST">
          <reporter-output>
          </reporter-output>
        </test-method> <!-- checkserverType -->
        <test-method status="PASS" signature="tearDown()[pri:0, instance:com.employeeapi.testCases.TC001_Get_All_Employees@1e965684]" name="tearDown" is-config="true" duration-ms="0" started-at="2020-03-30T18:53:00 IST" finished-at="2020-03-30T18:53:00 IST">
          <reporter-output>
          </reporter-output>
        </test-method> <!-- tearDown -->
      </class> <!-- com.employeeapi.testCases.TC001_Get_All_Employees -->
      <class name="com.employeeapi.testCases.TC004_Put_Employee_Record">
        <test-method status="PASS" signature="setUp()[pri:0, instance:com.employeeapi.testCases.TC004_Put_Employee_Record@3b088d51]" name="setUp" is-config="true" duration-ms="5" started-at="2020-03-30T18:53:06 IST" finished-at="2020-03-30T18:53:06 IST">
          <reporter-output>
          </reporter-output>
        </test-method> <!-- setUp -->
        <test-method status="PASS" signature="updateEmployee()[pri:0, instance:com.employeeapi.testCases.TC004_Put_Employee_Record@3b088d51]" name="updateEmployee" is-config="true" duration-ms="4868" started-at="2020-03-30T18:53:06 IST" finished-at="2020-03-30T18:53:11 IST">
          <reporter-output>
          </reporter-output>
        </test-method> <!-- updateEmployee -->
        <test-method status="PASS" signature="checkResponeBody()[pri:0, instance:com.employeeapi.testCases.TC004_Put_Employee_Record@3b088d51]" name="checkResponeBody" duration-ms="1" started-at="2020-03-30T18:53:11 IST" finished-at="2020-03-30T18:53:11 IST">
          <reporter-output>
          </reporter-output>
        </test-method> <!-- checkResponeBody -->
        <test-method status="PASS" signature="checkStatusCode()[pri:0, instance:com.employeeapi.testCases.TC004_Put_Employee_Record@3b088d51]" name="checkStatusCode" duration-ms="0" started-at="2020-03-30T18:53:11 IST" finished-at="2020-03-30T18:53:11 IST">
          <reporter-output>
          </reporter-output>
        </test-method> <!-- checkStatusCode -->
        <test-method status="PASS" signature="checkStatusLine()[pri:0, instance:com.employeeapi.testCases.TC004_Put_Employee_Record@3b088d51]" name="checkStatusLine" duration-ms="1" started-at="2020-03-30T18:53:11 IST" finished-at="2020-03-30T18:53:11 IST">
          <reporter-output>
          </reporter-output>
        </test-method> <!-- checkStatusLine -->
        <test-method status="PASS" signature="tearDown()[pri:0, instance:com.employeeapi.testCases.TC004_Put_Employee_Record@3b088d51]" name="tearDown" is-config="true" duration-ms="1" started-at="2020-03-30T18:53:11 IST" finished-at="2020-03-30T18:53:11 IST">
          <reporter-output>
          </reporter-output>
        </test-method> <!-- tearDown -->
      </class> <!-- com.employeeapi.testCases.TC004_Put_Employee_Record -->
      <class name="com.employeeapi.testCases.TC002_Get_Single_Employee_Record">
        <test-method status="PASS" signature="setUp()[pri:0, instance:com.employeeapi.testCases.TC002_Get_Single_Employee_Record@4d95d2a2]" name="setUp" is-config="true" duration-ms="5" started-at="2020-03-30T18:53:00 IST" finished-at="2020-03-30T18:53:00 IST">
          <reporter-output>
          </reporter-output>
        </test-method> <!-- setUp -->
        <test-method status="PASS" signature="getEmployeeData()[pri:0, instance:com.employeeapi.testCases.TC002_Get_Single_Employee_Record@4d95d2a2]" name="getEmployeeData" is-config="true" duration-ms="907" started-at="2020-03-30T18:53:00 IST" finished-at="2020-03-30T18:53:01 IST">
          <reporter-output>
          </reporter-output>
        </test-method> <!-- getEmployeeData -->
        <test-method status="PASS" signature="checkResponseBody()[pri:0, instance:com.employeeapi.testCases.TC002_Get_Single_Employee_Record@4d95d2a2]" name="checkResponseBody" duration-ms="18" started-at="2020-03-30T18:53:01 IST" finished-at="2020-03-30T18:53:01 IST">
          <reporter-output>
          </reporter-output>
        </test-method> <!-- checkResponseBody -->
        <test-method status="PASS" signature="checkResponseTime()[pri:0, instance:com.employeeapi.testCases.TC002_Get_Single_Employee_Record@4d95d2a2]" name="checkResponseTime" duration-ms="1" started-at="2020-03-30T18:53:01 IST" finished-at="2020-03-30T18:53:01 IST">
          <reporter-output>
          </reporter-output>
        </test-method> <!-- checkResponseTime -->
        <test-method status="PASS" signature="checkStatusCode()[pri:0, instance:com.employeeapi.testCases.TC002_Get_Single_Employee_Record@4d95d2a2]" name="checkStatusCode" duration-ms="1" started-at="2020-03-30T18:53:01 IST" finished-at="2020-03-30T18:53:01 IST">
          <reporter-output>
          </reporter-output>
        </test-method> <!-- checkStatusCode -->
        <test-method status="PASS" signature="tearDown()[pri:0, instance:com.employeeapi.testCases.TC002_Get_Single_Employee_Record@4d95d2a2]" name="tearDown" is-config="true" duration-ms="0" started-at="2020-03-30T18:53:01 IST" finished-at="2020-03-30T18:53:01 IST">
          <reporter-output>
          </reporter-output>
        </test-method> <!-- tearDown -->
      </class> <!-- com.employeeapi.testCases.TC002_Get_Single_Employee_Record -->
    </test> <!-- restassuredtests -->
  </suite> <!-- restassuredtestsuite -->
</testng-results>
