<?xml version="1.0" encoding="UTF-8"?>
<testng-results skipped="0" failed="1" ignored="0" total="21" passed="20">
  <reporter-output>
  </reporter-output>
  <suite name="restassuredtestsuite" duration-ms="18503" started-at="2020-03-30T22:54:46 IST" finished-at="2020-03-30T22:55:04 IST">
    <groups>
    </groups>
    <test name="restassuredtests" duration-ms="18503" started-at="2020-03-30T22:54:46 IST" finished-at="2020-03-30T22:55:04 IST">
      <class name="com.employeeapi.testCases.TC003_Post_Employee_Record">
        <test-method status="PASS" signature="setUp()[pri:0, instance:com.employeeapi.testCases.TC003_Post_Employee_Record@77caeb3e]" name="setUp" is-config="true" duration-ms="4" started-at="2020-03-30T22:54:50 IST" finished-at="2020-03-30T22:54:50 IST">
          <reporter-output>
          </reporter-output>
        </test-method> <!-- setUp -->
        <test-method status="PASS" signature="createEmplyee()[pri:0, instance:com.employeeapi.testCases.TC003_Post_Employee_Record@77caeb3e]" name="createEmplyee" is-config="true" duration-ms="4746" started-at="2020-03-30T22:54:50 IST" finished-at="2020-03-30T22:54:55 IST">
          <reporter-output>
          </reporter-output>
        </test-method> <!-- createEmplyee -->
        <test-method status="PASS" signature="checkResponeBody()[pri:0, instance:com.employeeapi.testCases.TC003_Post_Employee_Record@77caeb3e]" name="checkResponeBody" duration-ms="1" started-at="2020-03-30T22:54:55 IST" finished-at="2020-03-30T22:54:55 IST">
          <reporter-output>
          </reporter-output>
        </test-method> <!-- checkResponeBody -->
        <test-method status="PASS" signature="checkStatusCode()[pri:0, instance:com.employeeapi.testCases.TC003_Post_Employee_Record@77caeb3e]" name="checkStatusCode" duration-ms="1" started-at="2020-03-30T22:54:55 IST" finished-at="2020-03-30T22:54:55 IST">
          <reporter-output>
          </reporter-output>
        </test-method> <!-- checkStatusCode -->
        <test-method status="PASS" signature="checkStatusLine()[pri:0, instance:com.employeeapi.testCases.TC003_Post_Employee_Record@77caeb3e]" name="checkStatusLine" duration-ms="1" started-at="2020-03-30T22:54:55 IST" finished-at="2020-03-30T22:54:55 IST">
          <reporter-output>
          </reporter-output>
        </test-method> <!-- checkStatusLine -->
        <test-method status="PASS" signature="tearDown()[pri:0, instance:com.employeeapi.testCases.TC003_Post_Employee_Record@77caeb3e]" name="tearDown" is-config="true" duration-ms="1" started-at="2020-03-30T22:54:55 IST" finished-at="2020-03-30T22:54:55 IST">
          <reporter-output>
          </reporter-output>
        </test-method> <!-- tearDown -->
      </class> <!-- com.employeeapi.testCases.TC003_Post_Employee_Record -->
      <class name="com.employeeapi.testCases.TC005_Delete_Employee_Record">
        <test-method status="PASS" signature="setUp()[pri:0, instance:com.employeeapi.testCases.TC005_Delete_Employee_Record@42d80b78]" name="setUp" is-config="true" duration-ms="4" started-at="2020-03-30T22:55:00 IST" finished-at="2020-03-30T22:55:00 IST">
          <reporter-output>
          </reporter-output>
        </test-method> <!-- setUp -->
        <test-method status="PASS" signature="updateEmployee()[pri:0, instance:com.employeeapi.testCases.TC005_Delete_Employee_Record@42d80b78]" name="updateEmployee" is-config="true" duration-ms="4352" started-at="2020-03-30T22:55:00 IST" finished-at="2020-03-30T22:55:04 IST">
          <reporter-output>
          </reporter-output>
        </test-method> <!-- updateEmployee -->
        <test-method status="FAIL" signature="checkResponeBody()[pri:0, instance:com.employeeapi.testCases.TC005_Delete_Employee_Record@42d80b78]" name="checkResponeBody" duration-ms="2" started-at="2020-03-30T22:55:04 IST" finished-at="2020-03-30T22:55:04 IST">
          <exception class="java.lang.AssertionError">
            <message>
              <![CDATA[expected [true] but found [false]]]>
            </message>
            <full-stacktrace>
              <![CDATA[java.lang.AssertionError: expected [true] but found [false]
at org.testng.Assert.fail(Assert.java:97)
at org.testng.Assert.assertEqualsImpl(Assert.java:136)
at org.testng.Assert.assertEquals(Assert.java:118)
at org.testng.Assert.assertEquals(Assert.java:751)
at org.testng.Assert.assertEquals(Assert.java:761)
at com.employeeapi.testCases.TC005_Delete_Employee_Record.checkResponeBody(TC005_Delete_Employee_Record.java:51)
at sun.reflect.NativeMethodAccessorImpl.invoke0(Native Method)
at sun.reflect.NativeMethodAccessorImpl.invoke(NativeMethodAccessorImpl.java:62)
at sun.reflect.DelegatingMethodAccessorImpl.invoke(DelegatingMethodAccessorImpl.java:43)
at java.lang.reflect.Method.invoke(Method.java:498)
at org.testng.internal.MethodInvocationHelper.invokeMethod(MethodInvocationHelper.java:134)
at org.testng.internal.TestInvoker.invokeMethod(TestInvoker.java:597)
at org.testng.internal.TestInvoker.invokeTestMethod(TestInvoker.java:173)
at org.testng.internal.MethodRunner.runInSequence(MethodRunner.java:46)
at org.testng.internal.TestInvoker$MethodInvocationAgent.invoke(TestInvoker.java:816)
at org.testng.internal.TestInvoker.invokeTestMethods(TestInvoker.java:146)
at org.testng.internal.TestMethodWorker.invokeTestMethods(TestMethodWorker.java:146)
at org.testng.internal.TestMethodWorker.run(TestMethodWorker.java:128)
at java.util.ArrayList.forEach(ArrayList.java:1257)
at org.testng.TestRunner.privateRun(TestRunner.java:766)
at org.testng.TestRunner.run(TestRunner.java:587)
at org.testng.SuiteRunner.runTest(SuiteRunner.java:384)
at org.testng.SuiteRunner.runSequentially(SuiteRunner.java:378)
at org.testng.SuiteRunner.privateRun(SuiteRunner.java:337)
at org.testng.SuiteRunner.run(SuiteRunner.java:286)
at org.testng.SuiteRunnerWorker.runSuite(SuiteRunnerWorker.java:53)
at org.testng.SuiteRunnerWorker.run(SuiteRunnerWorker.java:96)
at org.testng.TestNG.runSuitesSequentially(TestNG.java:1187)
at org.testng.TestNG.runSuitesLocally(TestNG.java:1109)
at org.testng.TestNG.runSuites(TestNG.java:1039)
at org.testng.TestNG.run(TestNG.java:1007)
at org.apache.maven.surefire.testng.TestNGExecutor.run(TestNGExecutor.java:295)
at org.apache.maven.surefire.testng.TestNGXmlTestSuite.execute(TestNGXmlTestSuite.java:84)
at org.apache.maven.surefire.testng.TestNGProvider.invoke(TestNGProvider.java:90)
at org.apache.maven.surefire.booter.ForkedBooter.invokeProviderInSameClassLoader(ForkedBooter.java:203)
at org.apache.maven.surefire.booter.ForkedBooter.runSuitesInProcess(ForkedBooter.java:155)
at org.apache.maven.surefire.booter.ForkedBooter.main(ForkedBooter.java:103)
]]>
            </full-stacktrace>
          </exception> <!-- java.lang.AssertionError -->
          <reporter-output>
          </reporter-output>
        </test-method> <!-- checkResponeBody -->
        <test-method status="PASS" signature="checkStatusCode()[pri:0, instance:com.employeeapi.testCases.TC005_Delete_Employee_Record@42d80b78]" name="checkStatusCode" duration-ms="0" started-at="2020-03-30T22:55:04 IST" finished-at="2020-03-30T22:55:04 IST">
          <reporter-output>
          </reporter-output>
        </test-method> <!-- checkStatusCode -->
        <test-method status="PASS" signature="checkStatusLine()[pri:0, instance:com.employeeapi.testCases.TC005_Delete_Employee_Record@42d80b78]" name="checkStatusLine" duration-ms="0" started-at="2020-03-30T22:55:04 IST" finished-at="2020-03-30T22:55:04 IST">
          <reporter-output>
          </reporter-output>
        </test-method> <!-- checkStatusLine -->
        <test-method status="PASS" signature="tearDown()[pri:0, instance:com.employeeapi.testCases.TC005_Delete_Employee_Record@42d80b78]" name="tearDown" is-config="true" duration-ms="0" started-at="2020-03-30T22:55:04 IST" finished-at="2020-03-30T22:55:04 IST">
          <reporter-output>
          </reporter-output>
        </test-method> <!-- tearDown -->
      </class> <!-- com.employeeapi.testCases.TC005_Delete_Employee_Record -->
      <class name="com.employeeapi.testCases.TC001_Get_All_Employees">
        <test-method status="PASS" signature="setUp()[pri:0, instance:com.employeeapi.testCases.TC001_Get_All_Employees@3e6fa38a]" name="setUp" is-config="true" duration-ms="66" started-at="2020-03-30T22:54:46 IST" finished-at="2020-03-30T22:54:46 IST">
          <reporter-output>
          </reporter-output>
        </test-method> <!-- setUp -->
        <test-method status="PASS" signature="getAllEmployees()[pri:0, instance:com.employeeapi.testCases.TC001_Get_All_Employees@3e6fa38a]" name="getAllEmployees" is-config="true" duration-ms="3336" started-at="2020-03-30T22:54:46 IST" finished-at="2020-03-30T22:54:49 IST">
          <reporter-output>
          </reporter-output>
        </test-method> <!-- getAllEmployees -->
        <test-method status="PASS" signature="checkContentEncoding()[pri:0, instance:com.employeeapi.testCases.TC001_Get_All_Employees@3e6fa38a]" name="checkContentEncoding" duration-ms="5" started-at="2020-03-30T22:54:49 IST" finished-at="2020-03-30T22:54:49 IST">
          <reporter-output>
          </reporter-output>
        </test-method> <!-- checkContentEncoding -->
        <test-method status="PASS" signature="checkContentLength()[pri:0, instance:com.employeeapi.testCases.TC001_Get_All_Employees@3e6fa38a]" name="checkContentLength" duration-ms="1" started-at="2020-03-30T22:54:49 IST" finished-at="2020-03-30T22:54:49 IST">
          <reporter-output>
          </reporter-output>
        </test-method> <!-- checkContentLength -->
        <test-method status="PASS" signature="checkContentType()[pri:0, instance:com.employeeapi.testCases.TC001_Get_All_Employees@3e6fa38a]" name="checkContentType" duration-ms="1" started-at="2020-03-30T22:54:49 IST" finished-at="2020-03-30T22:54:49 IST">
          <reporter-output>
          </reporter-output>
        </test-method> <!-- checkContentType -->
        <test-method status="PASS" signature="checkCookies()[pri:0, instance:com.employeeapi.testCases.TC001_Get_All_Employees@3e6fa38a]" name="checkCookies" duration-ms="1" started-at="2020-03-30T22:54:49 IST" finished-at="2020-03-30T22:54:49 IST">
          <reporter-output>
          </reporter-output>
        </test-method> <!-- checkCookies -->
        <test-method status="PASS" signature="checkResponseBody()[pri:0, instance:com.employeeapi.testCases.TC001_Get_All_Employees@3e6fa38a]" name="checkResponseBody" duration-ms="43" started-at="2020-03-30T22:54:49 IST" finished-at="2020-03-30T22:54:49 IST">
          <reporter-output>
          </reporter-output>
        </test-method> <!-- checkResponseBody -->
        <test-method status="PASS" signature="checkResponseTime()[pri:0, instance:com.employeeapi.testCases.TC001_Get_All_Employees@3e6fa38a]" name="checkResponseTime" duration-ms="1" started-at="2020-03-30T22:54:49 IST" finished-at="2020-03-30T22:54:49 IST">
          <reporter-output>
          </reporter-output>
        </test-method> <!-- checkResponseTime -->
        <test-method status="PASS" signature="checkStatusCode()[pri:0, instance:com.employeeapi.testCases.TC001_Get_All_Employees@3e6fa38a]" name="checkStatusCode" duration-ms="0" started-at="2020-03-30T22:54:49 IST" finished-at="2020-03-30T22:54:49 IST">
          <reporter-output>
          </reporter-output>
        </test-method> <!-- checkStatusCode -->
        <test-method status="PASS" signature="checkStatusLine()[pri:0, instance:com.employeeapi.testCases.TC001_Get_All_Employees@3e6fa38a]" name="checkStatusLine" duration-ms="2" started-at="2020-03-30T22:54:49 IST" finished-at="2020-03-30T22:54:49 IST">
          <reporter-output>
          </reporter-output>
        </test-method> <!-- checkStatusLine -->
        <test-method status="PASS" signature="checkserverType()[pri:0, instance:com.employeeapi.testCases.TC001_Get_All_Employees@3e6fa38a]" name="checkserverType" duration-ms="0" started-at="2020-03-30T22:54:49 IST" finished-at="2020-03-30T22:54:49 IST">
          <reporter-output>
          </reporter-output>
        </test-method> <!-- checkserverType -->
        <test-method status="PASS" signature="tearDown()[pri:0, instance:com.employeeapi.testCases.TC001_Get_All_Employees@3e6fa38a]" name="tearDown" is-config="true" duration-ms="0" started-at="2020-03-30T22:54:49 IST" finished-at="2020-03-30T22:54:49 IST">
          <reporter-output>
          </reporter-output>
        </test-method> <!-- tearDown -->
      </class> <!-- com.employeeapi.testCases.TC001_Get_All_Employees -->
      <class name="com.employeeapi.testCases.TC004_Put_Employee_Record">
        <test-method status="PASS" signature="setUp()[pri:0, instance:com.employeeapi.testCases.TC004_Put_Employee_Record@1e88b3c]" name="setUp" is-config="true" duration-ms="4" started-at="2020-03-30T22:54:55 IST" finished-at="2020-03-30T22:54:55 IST">
          <reporter-output>
          </reporter-output>
        </test-method> <!-- setUp -->
        <test-method status="PASS" signature="updateEmployee()[pri:0, instance:com.employeeapi.testCases.TC004_Put_Employee_Record@1e88b3c]" name="updateEmployee" is-config="true" duration-ms="4692" started-at="2020-03-30T22:54:55 IST" finished-at="2020-03-30T22:55:00 IST">
          <reporter-output>
          </reporter-output>
        </test-method> <!-- updateEmployee -->
        <test-method status="PASS" signature="checkResponeBody()[pri:0, instance:com.employeeapi.testCases.TC004_Put_Employee_Record@1e88b3c]" name="checkResponeBody" duration-ms="1" started-at="2020-03-30T22:55:00 IST" finished-at="2020-03-30T22:55:00 IST">
          <reporter-output>
          </reporter-output>
        </test-method> <!-- checkResponeBody -->
        <test-method status="PASS" signature="checkStatusCode()[pri:0, instance:com.employeeapi.testCases.TC004_Put_Employee_Record@1e88b3c]" name="checkStatusCode" duration-ms="0" started-at="2020-03-30T22:55:00 IST" finished-at="2020-03-30T22:55:00 IST">
          <reporter-output>
          </reporter-output>
        </test-method> <!-- checkStatusCode -->
        <test-method status="PASS" signature="checkStatusLine()[pri:0, instance:com.employeeapi.testCases.TC004_Put_Employee_Record@1e88b3c]" name="checkStatusLine" duration-ms="1" started-at="2020-03-30T22:55:00 IST" finished-at="2020-03-30T22:55:00 IST">
          <reporter-output>
          </reporter-output>
        </test-method> <!-- checkStatusLine -->
        <test-method status="PASS" signature="tearDown()[pri:0, instance:com.employeeapi.testCases.TC004_Put_Employee_Record@1e88b3c]" name="tearDown" is-config="true" duration-ms="1" started-at="2020-03-30T22:55:00 IST" finished-at="2020-03-30T22:55:00 IST">
          <reporter-output>
          </reporter-output>
        </test-method> <!-- tearDown -->
      </class> <!-- com.employeeapi.testCases.TC004_Put_Employee_Record -->
      <class name="com.employeeapi.testCases.TC002_Get_Single_Employee_Record">
        <test-method status="PASS" signature="setUp()[pri:0, instance:com.employeeapi.testCases.TC002_Get_Single_Employee_Record@66a3ffec]" name="setUp" is-config="true" duration-ms="4" started-at="2020-03-30T22:54:49 IST" finished-at="2020-03-30T22:54:49 IST">
          <reporter-output>
          </reporter-output>
        </test-method> <!-- setUp -->
        <test-method status="PASS" signature="getEmployeeData()[pri:0, instance:com.employeeapi.testCases.TC002_Get_Single_Employee_Record@66a3ffec]" name="getEmployeeData" is-config="true" duration-ms="881" started-at="2020-03-30T22:54:49 IST" finished-at="2020-03-30T22:54:50 IST">
          <reporter-output>
          </reporter-output>
        </test-method> <!-- getEmployeeData -->
        <test-method status="PASS" signature="checkResponseBody()[pri:0, instance:com.employeeapi.testCases.TC002_Get_Single_Employee_Record@66a3ffec]" name="checkResponseBody" duration-ms="15" started-at="2020-03-30T22:54:50 IST" finished-at="2020-03-30T22:54:50 IST">
          <reporter-output>
          </reporter-output>
        </test-method> <!-- checkResponseBody -->
        <test-method status="PASS" signature="checkResponseTime()[pri:0, instance:com.employeeapi.testCases.TC002_Get_Single_Employee_Record@66a3ffec]" name="checkResponseTime" duration-ms="1" started-at="2020-03-30T22:54:50 IST" finished-at="2020-03-30T22:54:50 IST">
          <reporter-output>
          </reporter-output>
        </test-method> <!-- checkResponseTime -->
        <test-method status="PASS" signature="checkStatusCode()[pri:0, instance:com.employeeapi.testCases.TC002_Get_Single_Employee_Record@66a3ffec]" name="checkStatusCode" duration-ms="1" started-at="2020-03-30T22:54:50 IST" finished-at="2020-03-30T22:54:50 IST">
          <reporter-output>
          </reporter-output>
        </test-method> <!-- checkStatusCode -->
        <test-method status="PASS" signature="tearDown()[pri:0, instance:com.employeeapi.testCases.TC002_Get_Single_Employee_Record@66a3ffec]" name="tearDown" is-config="true" duration-ms="0" started-at="2020-03-30T22:54:50 IST" finished-at="2020-03-30T22:54:50 IST">
          <reporter-output>
          </reporter-output>
        </test-method> <!-- tearDown -->
      </class> <!-- com.employeeapi.testCases.TC002_Get_Single_Employee_Record -->
    </test> <!-- restassuredtests -->
  </suite> <!-- restassuredtestsuite -->
</testng-results>
